<?xml version="1.0" encoding="UTF-8"?>
<!-- Generated by org.testng.reporters.JUnitReportReporter -->
<testsuite hostname="Semihs-MacBook-Pro-14.local" failures="0" tests="2" name="blackmesa.tests.LoginTest" time="6.614" errors="0" timestamp="2025-03-17T21:22:50 GMT+03:00" skipped="0">
  <testcase classname="blackmesa.tests.LoginTest" name="testSuccessfulLogin" time="4.257"/>
  <testcase classname="blackmesa.tests.LoginTest" name="testInvalidLogin" time="2.357"/>
</testsuite> <!-- blackmesa.tests.LoginTest -->
